TN:
SF:assignment.js
FN:1,(anonymous_0)
FN:6,(anonymous_1)
FN:16,(anonymous_2)
FN:19,(anonymous_3)
FN:22,(anonymous_4)
FN:28,(anonymous_5)
FN:33,(anonymous_6)
FN:47,(anonymous_7)
FN:57,(anonymous_8)
FN:65,(anonymous_9)
FN:75,(anonymous_10)
FN:85,(anonymous_11)
FNF:12
FNH:12
FNDA:1,(anonymous_0)
FNDA:1,(anonymous_1)
FNDA:1,(anonymous_2)
FNDA:1,(anonymous_3)
FNDA:2,(anonymous_4)
FNDA:1,(anonymous_5)
FNDA:1,(anonymous_6)
FNDA:1,(anonymous_7)
FNDA:1,(anonymous_8)
FNDA:1,(anonymous_9)
FNDA:1,(anonymous_10)
FNDA:1,(anonymous_11)
DA:1,1
DA:2,1
DA:3,1
DA:6,1
DA:7,1
DA:8,1
DA:9,5
DA:12,1
DA:15,1
DA:17,1
DA:20,1
DA:23,2
DA:24,1
DA:26,1
DA:29,1
DA:33,1
DA:34,1
DA:35,1
DA:36,15
DA:37,7
DA:38,8
DA:39,3
DA:41,5
DA:44,1
DA:47,1
DA:48,1
DA:54,1
DA:57,1
DA:58,1
DA:59,1
DA:60,6
DA:62,1
DA:65,1
DA:66,1
DA:67,1
DA:68,5
DA:69,0
DA:72,1
DA:75,1
DA:76,1
DA:77,1
DA:78,5
DA:79,1
DA:82,1
DA:85,1
DA:86,1
DA:90,1
LF:47
LH:46
BRDA:23,0,0,1
BRDA:23,0,1,1
BRDA:36,1,0,7
BRDA:36,1,1,8
BRDA:36,2,0,15
BRDA:36,2,1,7
BRDA:38,3,0,3
BRDA:38,3,1,5
BRDA:38,4,0,8
BRDA:38,4,1,3
BRDA:68,5,0,0
BRDA:68,5,1,5
BRDA:78,6,0,1
BRDA:78,6,1,4
BRF:14
BRH:13
end_of_record
